2022-03-22 06:31:25.859  INFO 14736 --- [restartedMain] c.g.com.GithubCicdActionsApplication     : Starting GithubCicdActionsApplication using Java 11.0.13 on DESKTOP-RU4H025 with PID 14736 (E:\Spring\SpringbootWorkSpace\github-cicd\github-cicd-actions\target\classes started by belal in E:\Spring\SpringbootWorkSpace\github-cicd\github-cicd-actions)
2022-03-22 06:31:25.865  INFO 14736 --- [restartedMain] c.g.com.GithubCicdActionsApplication     : No active profile set, falling back to 1 default profile: "default"
2022-03-22 06:31:25.949  INFO 14736 --- [restartedMain] .e.DevToolsPropertyDefaultsPostProcessor : Devtools property defaults active! Set 'spring.devtools.add-properties' to 'false' to disable
2022-03-22 06:31:25.968  INFO 14736 --- [restartedMain] .e.DevToolsPropertyDefaultsPostProcessor : For additional web related logging consider setting the 'logging.level.web' property to 'DEBUG'
2022-03-22 06:31:27.658  INFO 14736 --- [restartedMain] o.s.b.w.embedded.tomcat.TomcatWebServer  : Tomcat initialized with port(s): 8080 (http)
2022-03-22 06:31:27.673  INFO 14736 --- [restartedMain] o.apache.catalina.core.StandardService   : Starting service [Tomcat]
2022-03-22 06:31:27.761  INFO 14736 --- [restartedMain] org.apache.catalina.core.StandardEngine  : Starting Servlet engine: [Apache Tomcat/9.0.58]
2022-03-22 06:31:27.877  INFO 14736 --- [restartedMain] o.a.c.c.C.[Tomcat].[localhost].[/]       : Initializing Spring embedded WebApplicationContext
2022-03-22 06:31:27.879  INFO 14736 --- [restartedMain] w.s.c.ServletWebServerApplicationContext : Root WebApplicationContext: initialization completed in 1910 ms
2022-03-22 06:31:28.532  INFO 14736 --- [restartedMain] o.s.b.d.a.OptionalLiveReloadServer       : LiveReload server is running on port 35729
2022-03-22 06:31:28.609  WARN 14736 --- [restartedMain] ConfigServletWebServerApplicationContext : Exception encountered during context initialization - cancelling refresh attempt: org.springframework.context.ApplicationContextException: Failed to start bean 'webServerStartStop'; nested exception is org.springframework.boot.web.server.PortInUseException: Port 8080 is already in use
2022-03-22 06:31:28.616  INFO 14736 --- [restartedMain] o.apache.catalina.core.StandardService   : Stopping service [Tomcat]
2022-03-22 06:31:28.652  INFO 14736 --- [restartedMain] ConditionEvaluationReportLoggingListener : 

Error starting ApplicationContext. To display the conditions report re-run your application with 'debug' enabled.
2022-03-22 06:31:28.714 ERROR 14736 --- [restartedMain] o.s.b.d.LoggingFailureAnalysisReporter   : 

***************************
APPLICATION FAILED TO START
***************************

Description:

Web server failed to start. Port 8080 was already in use.

Action:

Identify and stop the process that's listening on port 8080 or configure this application to listen on another port.

2022-03-22 06:31:56.870  INFO 12240 --- [restartedMain] c.g.com.GithubCicdActionsApplication     : Starting GithubCicdActionsApplication using Java 11.0.13 on DESKTOP-RU4H025 with PID 12240 (E:\Spring\SpringbootWorkSpace\github-cicd\github-cicd-actions\target\classes started by belal in E:\Spring\SpringbootWorkSpace\github-cicd\github-cicd-actions)
2022-03-22 06:31:56.872  INFO 12240 --- [restartedMain] c.g.com.GithubCicdActionsApplication     : No active profile set, falling back to 1 default profile: "default"
2022-03-22 06:31:56.930  INFO 12240 --- [restartedMain] .e.DevToolsPropertyDefaultsPostProcessor : Devtools property defaults active! Set 'spring.devtools.add-properties' to 'false' to disable
2022-03-22 06:31:56.930  INFO 12240 --- [restartedMain] .e.DevToolsPropertyDefaultsPostProcessor : For additional web related logging consider setting the 'logging.level.web' property to 'DEBUG'
2022-03-22 06:31:58.327  INFO 12240 --- [restartedMain] o.s.b.w.embedded.tomcat.TomcatWebServer  : Tomcat initialized with port(s): 9095 (http)
2022-03-22 06:31:58.338  INFO 12240 --- [restartedMain] o.apache.catalina.core.StandardService   : Starting service [Tomcat]
2022-03-22 06:31:58.338  INFO 12240 --- [restartedMain] org.apache.catalina.core.StandardEngine  : Starting Servlet engine: [Apache Tomcat/9.0.58]
2022-03-22 06:31:58.487  INFO 12240 --- [restartedMain] o.a.c.c.C.[Tomcat].[localhost].[/]       : Initializing Spring embedded WebApplicationContext
2022-03-22 06:31:58.488  INFO 12240 --- [restartedMain] w.s.c.ServletWebServerApplicationContext : Root WebApplicationContext: initialization completed in 1557 ms
2022-03-22 06:31:58.840  INFO 12240 --- [restartedMain] o.s.b.d.a.OptionalLiveReloadServer       : LiveReload server is running on port 35729
2022-03-22 06:31:58.883  INFO 12240 --- [restartedMain] o.s.b.w.embedded.tomcat.TomcatWebServer  : Tomcat started on port(s): 9095 (http) with context path ''
2022-03-22 06:31:58.897  INFO 12240 --- [restartedMain] c.g.com.GithubCicdActionsApplication     : Started GithubCicdActionsApplication in 2.73 seconds (JVM running for 4.244)
2022-03-22 06:32:42.294  INFO 12240 --- [http-nio-9095-exec-1] o.a.c.c.C.[Tomcat].[localhost].[/]       : Initializing Spring DispatcherServlet 'dispatcherServlet'
2022-03-22 06:32:42.295  INFO 12240 --- [http-nio-9095-exec-1] o.s.web.servlet.DispatcherServlet        : Initializing Servlet 'dispatcherServlet'
2022-03-22 06:32:42.296  INFO 12240 --- [http-nio-9095-exec-1] o.s.web.servlet.DispatcherServlet        : Completed initialization in 1 ms
